<APPINFO>
logopath~logo.png



savefilepath~/e-be/central.tcmcbc/LOG/STATEMENT/
ISSENDPDF~TRUE
</APPINFO>
<STMT>
<INPUTPARAM>
ACTNO~0002052204634
FDATE~16/12/2020
TDATE~16/12/2020
SUBJECT~CHANDWAD STATEMENT FROM 16/12/2020 TO 16/12/2020
FNAME~CHANDWAD_0002052204634_20201216_20201216
</INPUTPARAM>
<BRPARA>
BR_CODE~2
BANKNAME~THE CHANDWAD MERCHANT'S CO-OP. BANK LTD.                    
BRANCH_NAME~MAIN BRANCH                        
ADDRESS1~KAMDHENU                           
ADDRESS2~SHRIRAM ROAD                       
ADDRESS3~                                   
CITY~CHANDWAD                 
PINCODE~423101
IFSCCODE~ICIC00CMCBL
MICR_CODE~422899502
PHONE~02556252278                   
</BRPARA>
<ACTYPS>
SCHM_NAME~CURRENT DEPOSIT A\C                
</ACTYPS>
<MASTER>
ACTNO~0002052204634
LONG_NAME~MAHATMA FULE NAG SAH PATSANSTHA MAY     
CATA_CODE~CAGL
EMAILID~mahatmaphulenpchandwad@gmail.com        
ADDRESS1~AT POST RENUKA COMPLEX CHANDWAD TAL
ADDRESS2~CHANDWAD DIST NASIK                
ADDRESS3~                                   
CITY~CHANDWAD                 
PINCODE~423101
MOBILE~9423074545
PAN~AAAAM5790J
AADHAR~Not Register
OPENBAL~34,59,684.91
DC~C
</MASTER>
<TRAN>
<DET>
TRAN_PART~Transaction Particular
TRAN_DATE~Tran. Date
CHQ_NO~Chq. No
DEBIT~Debit
CREDIT~Credit
BALANCE~Balance
DC~DC
</DET>
<DET>
TRAN_PART~Opening Balance
TRAN_DATE~
CHQ_NO~
DEBIT~
CREDIT~
BALANCE~34,59,684.91
DC~Cr
</DET>
<DET>
TRAN_PART~To self                       
TRAN_DATE~16/12/2020
CHQ_NO~  180942
DEBIT~5,00,000.00
CREDIT~0.00
BALANCE~29,59,684.91
DC~Cr
</DET>
<DET>
TRAN_PART~By Cash                       
TRAN_DATE~16/12/2020
CHQ_NO~        
DEBIT~0.00
CREDIT~5,22,000.00
BALANCE~34,81,684.91
DC~Cr
</DET>
<DET>
TRAN_PART~Closing Balance
TRAN_DATE~
CHQ_NO~Total
DEBIT~5,00,000.00
CREDIT~5,22,000.00
BALANCE~34,81,684.91
DC~Cr
</DET>
</TRAN>
</STMT>
