<APPINFO>
logopath~logo.png
mailfrom~chandwadbank.statement@gmail.com
password~chandwad@123
host~smtp.gmail.com
savefilepath~/e-be/central.tcmcbc/LOG/STATEMENT/
ISSENDPDF~TRUE
</APPINFO>
<STMT>
<INPUTPARAM>
ACTNO~0002285000128
FDATE~01/12/2020
TDATE~16/12/2020
SUBJECT~CHANDWAD STATEMENT FROM 01/12/2020 TO 16/12/2020
FNAME~CHANDWAD_0002285000128_20201201_20201216
</INPUTPARAM>
<BRPARA>
BR_CODE~2
BANKNAME~THE CHANDWAD MERCHANT'S CO-OP. BANK LTD.                    
BRANCH_NAME~MAIN BRANCH                        
ADDRESS1~KAMDHENU                           
ADDRESS2~SHRIRAM ROAD                       
ADDRESS3~                                   
CITY~CHANDWAD                 
PINCODE~423101
IFSCCODE~ICIC00CMCBL
MICR_CODE~422899502
PHONE~02556252278                   
</BRPARA>
<ACTYPS>
SCHM_NAME~BUSINESS LOAN                      
</ACTYPS>
<MASTER>
ACTNO~0002285000128
LONG_NAME~KISHOR AGENCY PRO KISHOR PRAKASH BORSE  
CATA_CODE~CCGL
EMAILID~manojborse007@gmail.com                 
ADDRESS1~AT POST SHIMPI GALLI VARCHE GAON CH
ADDRESS2~ANDWAD TAL CHANDWAD DIST NASIK     
ADDRESS3~                                   
CITY~CHANDWAD                 
PINCODE~423101
MOBILE~9823402562
PAN~AJVPB9727B
AADHAR~672997487701
OPENBAL~20,36,634.89
DC~D
</MASTER>
<LOAN_DET>
SANC_DATE~27/03/2018
SANC_AMT~25,00,000.00
INT_RT~14.00
DUE_DATE~28/02/2021
INST_AMT~0.00
</LOAN_DET>
<TRAN>
<DET>
TRAN_PART~Transaction Particular
TRAN_DATE~Tran. Date
CHQ_NO~Chq. No
DEBIT~Debit
CREDIT~Credit
BALANCE~Balance
DC~DC
</DET>
<DET>
TRAN_PART~Opening Balance
TRAN_DATE~
CHQ_NO~
DEBIT~
CREDIT~
BALANCE~20,36,634.89
DC~Dr
</DET>
<DET>
TRAN_PART~I/W EFT-RETAIL SCAN MANAGEMENT
TRAN_DATE~02/12/2020
CHQ_NO~   44560
DEBIT~0.00
CREDIT~814.88
BALANCE~20,35,820.01
DC~Dr
</DET>
<DET>
TRAN_PART~EFT-EMPIRE SPICESAND FOODS LTD
TRAN_DATE~02/12/2020
CHQ_NO~  174608
DEBIT~1,64,172.00
CREDIT~0.00
BALANCE~21,99,992.01
DC~Dr
</DET>
<DET>
TRAN_PART~EFT-DEEP AGENCIES             
TRAN_DATE~02/12/2020
CHQ_NO~  174609
DEBIT~34,100.00
CREDIT~0.00
BALANCE~22,34,092.01
DC~Dr
</DET>
<DET>
TRAN_PART~By Cash                       
TRAN_DATE~02/12/2020
CHQ_NO~        
DEBIT~0.00
CREDIT~1,71,990.00
BALANCE~20,62,102.01
DC~Dr
</DET>
<DET>
TRAN_PART~TR 0002285000190              
TRAN_DATE~02/12/2020
CHQ_NO~        
DEBIT~0.00
CREDIT~22,955.00
BALANCE~20,39,147.01
DC~Dr
</DET>
<DET>
TRAN_PART~TR 0002024300082              
TRAN_DATE~02/12/2020
CHQ_NO~  174610
DEBIT~30,000.00
CREDIT~0.00
BALANCE~20,69,147.01
DC~Dr
</DET>
<DET>
TRAN_PART~KABADE ASMITA SACHIN          
TRAN_DATE~02/12/2020
CHQ_NO~  174782
DEBIT~0.00
CREDIT~3,009.00
BALANCE~20,66,138.01
DC~Dr
</DET>
<DET>
TRAN_PART~PATHAN PARVEJ RAMJU           
TRAN_DATE~02/12/2020
CHQ_NO~   19541
DEBIT~0.00
CREDIT~15,408.00
BALANCE~20,50,730.01
DC~Dr
</DET>
<DET>
TRAN_PART~NEW AMRUT GENERAL STORES      
TRAN_DATE~03/12/2020
CHQ_NO~   86426
DEBIT~0.00
CREDIT~5,055.00
BALANCE~20,45,675.01
DC~Dr
</DET>
<DET>
TRAN_PART~DHANRAJ AGENCIES              
TRAN_DATE~04/12/2020
CHQ_NO~  174611
DEBIT~21,901.00
CREDIT~0.00
BALANCE~20,67,576.01
DC~Dr
</DET>
<DET>
TRAN_PART~By Cash                       
TRAN_DATE~05/12/2020
CHQ_NO~        
DEBIT~0.00
CREDIT~30,000.00
BALANCE~20,37,576.01
DC~Dr
</DET>
<DET>
TRAN_PART~By Cash                       
TRAN_DATE~05/12/2020
CHQ_NO~        
DEBIT~0.00
CREDIT~31,000.00
BALANCE~20,06,576.01
DC~Dr
</DET>
<DET>
TRAN_PART~By Cash                       
TRAN_DATE~07/12/2020
CHQ_NO~        
DEBIT~0.00
CREDIT~45,800.00
BALANCE~19,60,776.01
DC~Dr
</DET>
<DET>
TRAN_PART~I/W CHQ 174612 07/12/2020 CHRG
TRAN_DATE~07/12/2020
CHQ_NO~        
DEBIT~165.00
CREDIT~0.00
BALANCE~19,60,941.01
DC~Dr
</DET>
<DET>
TRAN_PART~I/W EFT-HIRA NAGINA SUPER MARK
TRAN_DATE~07/12/2020
CHQ_NO~   13869
DEBIT~0.00
CREDIT~49,994.00
BALANCE~19,10,947.01
DC~Dr
</DET>
<DET>
TRAN_PART~I/W EFT-AKSHAY KIRANA CENTRE  
TRAN_DATE~07/12/2020
CHQ_NO~   26458
DEBIT~0.00
CREDIT~55,471.00
BALANCE~18,55,476.01
DC~Dr
</DET>
<DET>
TRAN_PART~MITR transfer                 
TRAN_DATE~07/12/2020
CHQ_NO~        
DEBIT~100.00
CREDIT~0.00
BALANCE~18,55,576.01
DC~Dr
</DET>
<DET>
TRAN_PART~NEFT HIRA NAGINA SUPER MARKET 
TRAN_DATE~07/12/2020
CHQ_NO~        
DEBIT~0.00
CREDIT~29,635.00
BALANCE~18,25,941.01
DC~Dr
</DET>
<DET>
TRAN_PART~By Cash                       
TRAN_DATE~08/12/2020
CHQ_NO~        
DEBIT~0.00
CREDIT~1,15,600.00
BALANCE~17,10,341.01
DC~Dr
</DET>
<DET>
TRAN_PART~NA                            
TRAN_DATE~08/12/2020
CHQ_NO~        
DEBIT~100.00
CREDIT~0.00
BALANCE~17,10,441.01
DC~Dr
</DET>
<DET>
TRAN_PART~By Cash                       
TRAN_DATE~09/12/2020
CHQ_NO~        
DEBIT~0.00
CREDIT~1,38,900.00
BALANCE~15,71,541.01
DC~Dr
</DET>
<DET>
TRAN_PART~CHQ. BOOK CHARGES             
TRAN_DATE~09/12/2020
CHQ_NO~        
DEBIT~150.00
CREDIT~0.00
BALANCE~15,71,691.01
DC~Dr
</DET>
<DET>
TRAN_PART~NEELAM AGENCY                 
TRAN_DATE~10/12/2020
CHQ_NO~        
DEBIT~100.00
CREDIT~0.00
BALANCE~15,71,791.01
DC~Dr
</DET>
<DET>
TRAN_PART~NA                            
TRAN_DATE~10/12/2020
CHQ_NO~        
DEBIT~2,00,000.00
CREDIT~0.00
BALANCE~17,71,791.01
DC~Dr
</DET>
<DET>
TRAN_PART~KABADE ASMITA SACHIN          
TRAN_DATE~10/12/2020
CHQ_NO~  174796
DEBIT~0.00
CREDIT~7,699.00
BALANCE~17,64,092.01
DC~Dr
</DET>
<DET>
TRAN_PART~By Cash                       
TRAN_DATE~10/12/2020
CHQ_NO~        
DEBIT~0.00
CREDIT~39,400.00
BALANCE~17,24,692.01
DC~Dr
</DET>
<DET>
TRAN_PART~MANOJ MEDICAL AND GENERAL STOR
TRAN_DATE~10/12/2020
CHQ_NO~   88877
DEBIT~0.00
CREDIT~2,875.00
BALANCE~17,21,817.01
DC~Dr
</DET>
<DET>
TRAN_PART~NEELAM AGENCY                 
TRAN_DATE~11/12/2020
CHQ_NO~        
DEBIT~34,025.00
CREDIT~0.00
BALANCE~17,55,842.01
DC~Dr
</DET>
<DET>
TRAN_PART~SHRI SWAMI SAMRTH AG          
TRAN_DATE~11/12/2020
CHQ_NO~        
DEBIT~1,14,766.00
CREDIT~0.00
BALANCE~18,70,608.01
DC~Dr
</DET>
<DET>
TRAN_PART~By Cash                       
TRAN_DATE~11/12/2020
CHQ_NO~        
DEBIT~0.00
CREDIT~36,500.00
BALANCE~18,34,108.01
DC~Dr
</DET>
<DET>
TRAN_PART~DHANRAJ AGENCIES              
TRAN_DATE~11/12/2020
CHQ_NO~  174613
DEBIT~1,39,530.00
CREDIT~0.00
BALANCE~19,73,638.01
DC~Dr
</DET>
<DET>
TRAN_PART~NEW AMRUT GENERAL STORES      
TRAN_DATE~11/12/2020
CHQ_NO~   86427
DEBIT~0.00
CREDIT~21,782.00
BALANCE~19,51,856.01
DC~Dr
</DET>
<DET>
TRAN_PART~By Cash                       
TRAN_DATE~14/12/2020
CHQ_NO~        
DEBIT~0.00
CREDIT~87,050.00
BALANCE~18,64,806.01
DC~Dr
</DET>
<DET>
TRAN_PART~NAVRANG AGENCIES              
TRAN_DATE~15/12/2020
CHQ_NO~        
DEBIT~1,00,000.00
CREDIT~0.00
BALANCE~19,64,806.01
DC~Dr
</DET>
<DET>
TRAN_PART~EMPIRE SPICES &FOODS          
TRAN_DATE~15/12/2020
CHQ_NO~        
DEBIT~1,00,000.00
CREDIT~0.00
BALANCE~20,64,806.01
DC~Dr
</DET>
<DET>
TRAN_PART~I/W EFT-AKSHAY KIRANA CENTER  
TRAN_DATE~15/12/2020
CHQ_NO~   28607
DEBIT~0.00
CREDIT~53,740.00
BALANCE~20,11,066.01
DC~Dr
</DET>
<DET>
TRAN_PART~PATHAN PARVEJ RAMJU           
TRAN_DATE~15/12/2020
CHQ_NO~   19548
DEBIT~0.00
CREDIT~20,414.00
BALANCE~19,90,652.01
DC~Dr
</DET>
<DET>
TRAN_PART~PATHAN PARVEJ RAMJU           
TRAN_DATE~15/12/2020
CHQ_NO~        
DEBIT~20,414.00
CREDIT~0.00
BALANCE~20,11,066.01
DC~Dr
</DET>
<DET>
TRAN_PART~O/W CHQ 19548 15/12/2020 CHRG 
TRAN_DATE~15/12/2020
CHQ_NO~        
DEBIT~165.00
CREDIT~0.00
BALANCE~20,11,231.01
DC~Dr
</DET>
<DET>
TRAN_PART~NANDINI AGARBATTI             
TRAN_DATE~16/12/2020
CHQ_NO~        
DEBIT~16,087.00
CREDIT~0.00
BALANCE~20,27,318.01
DC~Dr
</DET>
<DET>
TRAN_PART~EMPIRE SPICES &FOODS          
TRAN_DATE~16/12/2020
CHQ_NO~        
DEBIT~30,365.00
CREDIT~0.00
BALANCE~20,57,683.01
DC~Dr
</DET>
<DET>
TRAN_PART~NAVRANG DISTRIBUTER           
TRAN_DATE~16/12/2020
CHQ_NO~        
DEBIT~14,384.00
CREDIT~0.00
BALANCE~20,72,067.01
DC~Dr
</DET>
<DET>
TRAN_PART~NAVRANG AGENCIES              
TRAN_DATE~16/12/2020
CHQ_NO~        
DEBIT~63,119.00
CREDIT~0.00
BALANCE~21,35,186.01
DC~Dr
</DET>
<DET>
TRAN_PART~NAGPUR TRADERS                
TRAN_DATE~16/12/2020
CHQ_NO~        
DEBIT~13,853.00
CREDIT~0.00
BALANCE~21,49,039.01
DC~Dr
</DET>
<DET>
TRAN_PART~VIRTI TRADE LINE              
TRAN_DATE~16/12/2020
CHQ_NO~        
DEBIT~17,077.00
CREDIT~0.00
BALANCE~21,66,116.01
DC~Dr
</DET>
<DET>
TRAN_PART~JADHAV SANDIP LAXMAN          
TRAN_DATE~16/12/2020
CHQ_NO~  181017
DEBIT~0.00
CREDIT~22,069.00
BALANCE~21,44,047.01
DC~Dr
</DET>
<DET>
TRAN_PART~By Cash                       
TRAN_DATE~16/12/2020
CHQ_NO~        
DEBIT~0.00
CREDIT~93,650.00
BALANCE~20,50,397.01
DC~Dr
</DET>
<DET>
TRAN_PART~Closing Balance
TRAN_DATE~
CHQ_NO~Total
DEBIT~11,14,573.00
CREDIT~11,00,810.88
BALANCE~20,50,397.01
DC~Dr
</DET>
</TRAN>
</STMT>
