<APPINFO>
logopath~logo.png
mailfrom~chandwadbank.statement@gmail.com
password~chandwad@123
host~smtp.gmail.com
savefilepath~/e-be/central.tcmcbc/LOG/STATEMENT/
ISSENDPDF~TRUE
</APPINFO>
<STMT>
<INPUTPARAM>
ACTNO~0003015225669
FDATE~01/04/2019
TDATE~31/03/2020
SUBJECT~CHANDWAD STATEMENT FROM 01/04/2019 TO 31/03/2020
FNAME~CHANDWAD_0003015225669_20190401_20200331
</INPUTPARAM>
<BRPARA>
BR_CODE~3
BANKNAME~THE CHANDWAD MERCHANT'S CO-OP. BANK LTD.                    
BRANCH_NAME~WADALI                             
ADDRESS1~NEAR BHAGWATI MANGAL KARYALAYA     
ADDRESS2~TAL.CHANDWAD DIST NASHIK           
ADDRESS3~                                   
CITY~WADALI                   
PINCODE~423117
IFSCCODE~ICIC00CMCBL
MICR_CODE~422899503
PHONE~02556270022                   
</BRPARA>
<ACTYPS>
SCHM_NAME~ADVANCE GOLD & SILVER A\C          
</ACTYPS>
<MASTER>
ACTNO~0003015225669
LONG_NAME~SANCHETI SURESH KACHARDAS               
CATA_CODE~ODGL
EMAILID~prajyot.ap@gmail.com                    
ADDRESS1~AT PO WADALIBHOI TAL CHANDWAD      
ADDRESS2~                                   
ADDRESS3~                                   
CITY~WADALIBHOI               
PINCODE~423117
MOBILE~9421505020
PAN~BQIPS8582L
AADHAR~404388309330
OPENBAL~0.00
DC~D
</MASTER>
<LOAN_DET>
SANC_DATE~21/01/2020
SANC_AMT~1,50,000.00
INT_RT~10.00
DUE_DATE~21/01/2021
INST_AMT~0.00
</LOAN_DET>
<TRAN>
<DET>
TRAN_PART~Transaction Particular
TRAN_DATE~Tran. Date
CHQ_NO~Chq. No
DEBIT~Debit
CREDIT~Credit
BALANCE~Balance
DC~DC
</DET>
<DET>
TRAN_PART~Opening Balance
TRAN_DATE~
CHQ_NO~
DEBIT~
CREDIT~
BALANCE~0.00
DC~Dr
</DET>
<DET>
TRAN_PART~C/A 3000423                   
TRAN_DATE~21/01/2020
CHQ_NO~        
DEBIT~1,50,000.00
CREDIT~0.00
BALANCE~1,50,000.00
DC~Dr
</DET>
<DET>
TRAN_PART~INTEREST FROM  21/01/2020 TO 3
TRAN_DATE~31/01/2020
CHQ_NO~        
DEBIT~452.00
CREDIT~0.00
BALANCE~1,50,452.00
DC~Dr
</DET>
<DET>
TRAN_PART~BY CLG,SANCHETI SURESH KACHARD
TRAN_DATE~12/02/2020
CHQ_NO~    1987
DEBIT~0.00
CREDIT~1,50,000.00
BALANCE~452.00
DC~Dr
</DET>
<DET>
TRAN_PART~SERVICE CHARGES               
TRAN_DATE~13/02/2020
CHQ_NO~        
DEBIT~22.00
CREDIT~0.00
BALANCE~474.00
DC~Dr
</DET>
<DET>
TRAN_PART~INTEREST FROM  01/02/2020 TO 1
TRAN_DATE~13/02/2020
CHQ_NO~        
DEBIT~454.00
CREDIT~0.00
BALANCE~928.00
DC~Dr
</DET>
<DET>
TRAN_PART~CASH                          
TRAN_DATE~13/02/2020
CHQ_NO~        
DEBIT~0.00
CREDIT~928.00
BALANCE~0.00
DC~Cr
</DET>
<DET>
TRAN_PART~Closing Balance
TRAN_DATE~
CHQ_NO~Total
DEBIT~1,50,928.00
CREDIT~1,50,928.00
BALANCE~0.00
DC~Cr
</DET>
</TRAN>
</STMT>
