<APPINFO>
logopath~/e-be/central.tcmcbc/logo.png
mailfrom~chandwadbank.statement@gmail.com
password~chandwad@123
host~smtp.gmail.com
savefilepath~/e-be/central.tcmcbc/LOG/STATEMENT/
ISSENDPDF~TRUE
</APPINFO>
<STMT>
<INPUTPARAM>
ACTNO~0004053401447
FDATE~01/04/2019
TDATE~30/11/2020
SUBJECT~CHANDWAD STATEMENT FROM 01/04/2019 TO 30/11/2020
FNAME~CHANDWAD_0004053401447_2019/04/01_2020/11/30
</INPUTPARAM>
<BRPARA>
BR_CODE~4
BANKNAME~THE CHANDWAD MERCHANT'S CO-OP. BANK LTD.                    
BRANCH_NAME~NEMINAGAR EXTENSION COUNTER        
ADDRESS1~SNJB                               
ADDRESS2~NEMINAGAR                          
ADDRESS3~                                   
CITY~CHANDWAD                 
PINCODE~423101
IFSCCODE~ICIC00CMCBL
MICR_CODE~422899501
PHONE~02556252978                   
</BRPARA>
<ACTYPS>
SCHM_NAME~SAVING BANK A\C                    
</ACTYPS>
<MASTER>
ACTNO~0004053401447
LONG_NAME~KABADE PRAKASH TRAMBAKAPPA              
CATA_CODE~SBGL
EMAILID~drptk1996@gmail.com                     
ADDRESS1~NEMINAGAR AT.PO.TAL.CHANDWAD CHANDW
ADDRESS2~AD DIST.NASIK - 423101             
ADDRESS3~                                   
CITY~CHANDWAD                 
PINCODE~423101
MOBILE~9423104282
PAN~AOTPK8786J
AADHAR~975886518122
OPENBAL~31,842.25
DC~C
</MASTER>
<TRAN>
<DET>
TRAN_PART~Transaction Particular
TRAN_DATE~Tran. Date
CHQ_NO~Chq. No
DEBIT~Debit
CREDIT~Credit
BALANCE~Balance
DC~DC
</DET>
<DET>
TRAN_PART~Opening Balance
TRAN_DATE~
CHQ_NO~
DEBIT~
CREDIT~
BALANCE~31,842.25
DC~Cr
</DET>
<DET>
TRAN_PART~SELF                          
TRAN_DATE~05/04/2019
CHQ_NO~        
DEBIT~22,000.00
CREDIT~0.00
BALANCE~9,842.25
DC~Cr
</DET>
<DET>
TRAN_PART~SELF                          
TRAN_DATE~15/04/2019
CHQ_NO~        
DEBIT~5,500.00
CREDIT~0.00
BALANCE~4,342.25
DC~Cr
</DET>
<DET>
TRAN_PART~SELF                          
TRAN_DATE~18/04/2019
CHQ_NO~        
DEBIT~3,200.00
CREDIT~0.00
BALANCE~1,142.25
DC~Cr
</DET>
<DET>
TRAN_PART~SALARY APRIL2019 TRF          
TRAN_DATE~08/05/2019
CHQ_NO~        
DEBIT~0.00
CREDIT~31,443.00
BALANCE~32,585.25
DC~Cr
</DET>
<DET>
TRAN_PART~49337 SELF                    
TRAN_DATE~10/05/2019
CHQ_NO~        
DEBIT~16,000.00
CREDIT~0.00
BALANCE~16,585.25
DC~Cr
</DET>
<DET>
TRAN_PART~49492 SELF                    
TRAN_DATE~14/05/2019
CHQ_NO~        
DEBIT~5,000.00
CREDIT~0.00
BALANCE~11,585.25
DC~Cr
</DET>
<DET>
TRAN_PART~514 SELF                      
TRAN_DATE~21/05/2019
CHQ_NO~        
DEBIT~4,000.00
CREDIT~0.00
BALANCE~7,585.25
DC~Cr
</DET>
<DET>
TRAN_PART~582 SELF                      
TRAN_DATE~24/05/2019
CHQ_NO~        
DEBIT~3,500.00
CREDIT~0.00
BALANCE~4,085.25
DC~Cr
</DET>
<DET>
TRAN_PART~647 SELF                      
TRAN_DATE~29/05/2019
CHQ_NO~        
DEBIT~1,000.00
CREDIT~0.00
BALANCE~3,085.25
DC~Cr
</DET>
<DET>
TRAN_PART~661 SELF                      
TRAN_DATE~30/05/2019
CHQ_NO~        
DEBIT~2,000.00
CREDIT~0.00
BALANCE~1,085.25
DC~Cr
</DET>
<DET>
TRAN_PART~SALARY FOR THE MONTH OF MAY   
TRAN_DATE~06/06/2019
CHQ_NO~        
DEBIT~0.00
CREDIT~31,485.00
BALANCE~32,570.25
DC~Cr
</DET>
<DET>
TRAN_PART~811 SELF                      
TRAN_DATE~07/06/2019
CHQ_NO~        
DEBIT~20,000.00
CREDIT~0.00
BALANCE~12,570.25
DC~Cr
</DET>
<DET>
TRAN_PART~942 SELF                      
TRAN_DATE~11/06/2019
CHQ_NO~        
DEBIT~11,000.00
CREDIT~0.00
BALANCE~1,570.25
DC~Cr
</DET>
<DET>
TRAN_PART~INTEREST FROM DATE 01/04/2019 
TRAN_DATE~29/06/2019
CHQ_NO~        
DEBIT~0.00
CREDIT~62.00
BALANCE~1,632.25
DC~Cr
</DET>
<DET>
TRAN_PART~SALARY JUNE 2019 TRF          
TRAN_DATE~06/07/2019
CHQ_NO~        
DEBIT~0.00
CREDIT~31,528.00
BALANCE~33,160.25
DC~Cr
</DET>
<DET>
TRAN_PART~4014 SELF                     
TRAN_DATE~08/07/2019
CHQ_NO~        
DEBIT~32,000.00
CREDIT~0.00
BALANCE~1,160.25
DC~Cr
</DET>
<DET>
TRAN_PART~CASH                          
TRAN_DATE~01/08/2019
CHQ_NO~        
DEBIT~0.00
CREDIT~100.00
BALANCE~1,260.25
DC~Cr
</DET>
<DET>
TRAN_PART~DIWIDEND2018 TRF              
TRAN_DATE~03/08/2019
CHQ_NO~        
DEBIT~0.00
CREDIT~8,801.25
BALANCE~10,061.50
DC~Cr
</DET>
<DET>
TRAN_PART~5764 SELF                     
TRAN_DATE~03/08/2019
CHQ_NO~        
DEBIT~9,000.00
CREDIT~0.00
BALANCE~1,061.50
DC~Cr
</DET>
<DET>
TRAN_PART~SALARY JULY 2019 TRF          
TRAN_DATE~05/08/2019
CHQ_NO~        
DEBIT~0.00
CREDIT~33,019.00
BALANCE~34,080.50
DC~Cr
</DET>
<DET>
TRAN_PART~5897 SELF                     
TRAN_DATE~06/08/2019
CHQ_NO~        
DEBIT~5,000.00
CREDIT~0.00
BALANCE~29,080.50
DC~Cr
</DET>
<DET>
TRAN_PART~5935 SELF                     
TRAN_DATE~07/08/2019
CHQ_NO~        
DEBIT~15,000.00
CREDIT~0.00
BALANCE~14,080.50
DC~Cr
</DET>
<DET>
TRAN_PART~18 TRF K K H ABAD KAR PAT SAN 
TRAN_DATE~08/08/2019
CHQ_NO~        
DEBIT~0.00
CREDIT~2,11,490.00
BALANCE~2,25,570.50
DC~Cr
</DET>
<DET>
TRAN_PART~5959 SELF                     
TRAN_DATE~08/08/2019
CHQ_NO~        
DEBIT~5,000.00
CREDIT~0.00
BALANCE~2,20,570.50
DC~Cr
</DET>
<DET>
TRAN_PART~6604 SELF                     
TRAN_DATE~14/08/2019
CHQ_NO~        
DEBIT~5,000.00
CREDIT~0.00
BALANCE~2,15,570.50
DC~Cr
</DET>
<DET>
TRAN_PART~6735 SELF                     
TRAN_DATE~21/08/2019
CHQ_NO~        
DEBIT~10,000.00
CREDIT~0.00
BALANCE~2,05,570.50
DC~Cr
</DET>
<DET>
TRAN_PART~6864 SELF                     
TRAN_DATE~28/08/2019
CHQ_NO~        
DEBIT~5,000.00
CREDIT~0.00
BALANCE~2,00,570.50
DC~Cr
</DET>
<DET>
TRAN_PART~3909 SELF                     
TRAN_DATE~29/08/2019
CHQ_NO~        
DEBIT~15,000.00
CREDIT~0.00
BALANCE~1,85,570.50
DC~Cr
</DET>
<DET>
TRAN_PART~113 P H JAIN                  
TRAN_DATE~30/08/2019
CHQ_NO~        
DEBIT~0.00
CREDIT~2,00,000.00
BALANCE~3,85,570.50
DC~Cr
</DET>
<DET>
TRAN_PART~RTGS TRANSFER TO SBIN0001058-3
TRAN_DATE~30/08/2019
CHQ_NO~        
DEBIT~3,85,000.00
CREDIT~0.00
BALANCE~570.50
DC~Cr
</DET>
<DET>
TRAN_PART~RTGS E-TRANSACTION CHARGES FOR
TRAN_DATE~30/08/2019
CHQ_NO~        
DEBIT~23.60
CREDIT~0.00
BALANCE~546.90
DC~Cr
</DET>
<DET>
TRAN_PART~SALARY AUGUST 2019 TRF        
TRAN_DATE~11/09/2019
CHQ_NO~        
DEBIT~0.00
CREDIT~29,277.00
BALANCE~29,823.90
DC~Cr
</DET>
<DET>
TRAN_PART~10967 SELF                    
TRAN_DATE~11/09/2019
CHQ_NO~        
DEBIT~11,000.00
CREDIT~0.00
BALANCE~18,823.90
DC~Cr
</DET>
<DET>
TRAN_PART~9201 SELF                     
TRAN_DATE~13/09/2019
CHQ_NO~        
DEBIT~10,000.00
CREDIT~0.00
BALANCE~8,823.90
DC~Cr
</DET>
<DET>
TRAN_PART~SELF  9430                    
TRAN_DATE~18/09/2019
CHQ_NO~        
DEBIT~8,000.00
CREDIT~0.00
BALANCE~823.90
DC~Cr
</DET>
<DET>
TRAN_PART~INTEREST FROM DATE 01/07/2019 
TRAN_DATE~30/09/2019
CHQ_NO~        
DEBIT~0.00
CREDIT~474.00
BALANCE~1,297.90
DC~Cr
</DET>
<DET>
TRAN_PART~SALARY SEPT 2019 TRF          
TRAN_DATE~05/10/2019
CHQ_NO~        
DEBIT~0.00
CREDIT~29,545.00
BALANCE~30,842.90
DC~Cr
</DET>
<DET>
TRAN_PART~7362 SELF                     
TRAN_DATE~07/10/2019
CHQ_NO~        
DEBIT~8,000.00
CREDIT~0.00
BALANCE~22,842.90
DC~Cr
</DET>
<DET>
TRAN_PART~7367 SELF                     
TRAN_DATE~07/10/2019
CHQ_NO~        
DEBIT~4,000.00
CREDIT~0.00
BALANCE~18,842.90
DC~Cr
</DET>
<DET>
TRAN_PART~3280 SELF                     
TRAN_DATE~11/10/2019
CHQ_NO~        
DEBIT~9,000.00
CREDIT~0.00
BALANCE~9,842.90
DC~Cr
</DET>
<DET>
TRAN_PART~3404 SELF                     
TRAN_DATE~16/10/2019
CHQ_NO~        
DEBIT~9,000.00
CREDIT~0.00
BALANCE~842.90
DC~Cr
</DET>
<DET>
TRAN_PART~SALARYBOCT 2019 TRF           
TRAN_DATE~25/10/2019
CHQ_NO~        
DEBIT~0.00
CREDIT~29,600.00
BALANCE~30,442.90
DC~Cr
</DET>
<DET>
TRAN_PART~SELF 653                      
TRAN_DATE~25/10/2019
CHQ_NO~        
DEBIT~29,000.00
CREDIT~0.00
BALANCE~1,442.90
DC~Cr
</DET>
<DET>
TRAN_PART~SALARY NOV 2019 TRF           
TRAN_DATE~09/12/2019
CHQ_NO~        
DEBIT~0.00
CREDIT~29,655.00
BALANCE~31,097.90
DC~Cr
</DET>
<DET>
TRAN_PART~SELF 2186                     
TRAN_DATE~10/12/2019
CHQ_NO~        
DEBIT~12,000.00
CREDIT~0.00
BALANCE~19,097.90
DC~Cr
</DET>
<DET>
TRAN_PART~SELF 2254                     
TRAN_DATE~11/12/2019
CHQ_NO~        
DEBIT~19,000.00
CREDIT~0.00
BALANCE~97.90
DC~Cr
</DET>
<DET>
TRAN_PART~INTEREST FROM DATE 01/10/2019 
TRAN_DATE~31/12/2019
CHQ_NO~        
DEBIT~0.00
CREDIT~30.00
BALANCE~127.90
DC~Cr
</DET>
<DET>
TRAN_PART~SALARY DEC 2019 TRF           
TRAN_DATE~08/01/2020
CHQ_NO~        
DEBIT~0.00
CREDIT~29,710.00
BALANCE~29,837.90
DC~Cr
</DET>
<DET>
TRAN_PART~3009 SELF                     
TRAN_DATE~09/01/2020
CHQ_NO~        
DEBIT~9,000.00
CREDIT~0.00
BALANCE~20,837.90
DC~Cr
</DET>
<DET>
TRAN_PART~4966 SELF                     
TRAN_DATE~13/01/2020
CHQ_NO~        
DEBIT~20,000.00
CREDIT~0.00
BALANCE~837.90
DC~Cr
</DET>
<DET>
TRAN_PART~SALARY JAN 2020 TRF           
TRAN_DATE~04/02/2020
CHQ_NO~        
DEBIT~0.00
CREDIT~29,765.00
BALANCE~30,602.90
DC~Cr
</DET>
<DET>
TRAN_PART~5455 SELF                     
TRAN_DATE~06/02/2020
CHQ_NO~        
DEBIT~29,000.00
CREDIT~0.00
BALANCE~1,602.90
DC~Cr
</DET>
<DET>
TRAN_PART~SALARY FEB2020 TRF            
TRAN_DATE~06/03/2020
CHQ_NO~        
DEBIT~0.00
CREDIT~29,220.00
BALANCE~30,822.90
DC~Cr
</DET>
<DET>
TRAN_PART~6771 SELF                     
TRAN_DATE~07/03/2020
CHQ_NO~        
DEBIT~30,000.00
CREDIT~0.00
BALANCE~822.90
DC~Cr
</DET>
<DET>
TRAN_PART~SALARY MARCH 2020 TRF         
TRAN_DATE~27/03/2020
CHQ_NO~        
DEBIT~0.00
CREDIT~29,875.00
BALANCE~30,697.90
DC~Cr
</DET>
<DET>
TRAN_PART~INTEREST FROM DATE 01/01/2020 
TRAN_DATE~30/03/2020
CHQ_NO~        
DEBIT~0.00
CREDIT~42.00
BALANCE~30,739.90
DC~Cr
</DET>
<DET>
TRAN_PART~SELF,8430                     
TRAN_DATE~28/04/2020
CHQ_NO~        
DEBIT~15,000.00
CREDIT~0.00
BALANCE~15,739.90
DC~Cr
</DET>
<DET>
TRAN_PART~SELF,8480                     
TRAN_DATE~05/05/2020
CHQ_NO~        
DEBIT~7,000.00
CREDIT~0.00
BALANCE~8,739.90
DC~Cr
</DET>
<DET>
TRAN_PART~SELF     8449                 
TRAN_DATE~08/05/2020
CHQ_NO~        
DEBIT~1,000.00
CREDIT~0.00
BALANCE~7,739.90
DC~Cr
</DET>
<DET>
TRAN_PART~SALARY FOR THE MONTH OF APRIL 
TRAN_DATE~08/05/2020
CHQ_NO~        
DEBIT~0.00
CREDIT~19,549.00
BALANCE~27,288.90
DC~Cr
</DET>
<DET>
TRAN_PART~SALAY FOR THE MONTH MAY 2020  
TRAN_DATE~09/06/2020
CHQ_NO~        
DEBIT~0.00
CREDIT~19,549.00
BALANCE~46,837.90
DC~Cr
</DET>
<DET>
TRAN_PART~SELF 950                      
TRAN_DATE~22/06/2020
CHQ_NO~        
DEBIT~15,000.00
CREDIT~0.00
BALANCE~31,837.90
DC~Cr
</DET>
<DET>
TRAN_PART~SMS CHARGES 01/01/2020 TO 30/0
TRAN_DATE~29/06/2020
CHQ_NO~        
DEBIT~22.00
CREDIT~0.00
BALANCE~31,815.90
DC~Cr
</DET>
<DET>
TRAN_PART~INTEREST FROM DATE 01/04/2020 
TRAN_DATE~30/06/2020
CHQ_NO~        
DEBIT~0.00
CREDIT~262.00
BALANCE~32,077.90
DC~Cr
</DET>
<DET>
TRAN_PART~SELF,10200                    
TRAN_DATE~07/07/2020
CHQ_NO~        
DEBIT~31,000.00
CREDIT~0.00
BALANCE~1,077.90
DC~Cr
</DET>
<DET>
TRAN_PART~SALARY FOR THE MONTH OF JUNE 2
TRAN_DATE~09/07/2020
CHQ_NO~        
DEBIT~0.00
CREDIT~14,311.00
BALANCE~15,388.90
DC~Cr
</DET>
<DET>
TRAN_PART~SELF    10675                 
TRAN_DATE~31/07/2020
CHQ_NO~        
DEBIT~4,000.00
CREDIT~0.00
BALANCE~11,388.90
DC~Cr
</DET>
<DET>
TRAN_PART~SELF  10832                   
TRAN_DATE~05/08/2020
CHQ_NO~        
DEBIT~11,000.00
CREDIT~0.00
BALANCE~388.90
DC~Cr
</DET>
<DET>
TRAN_PART~SALARY FOR THE MONTH OF JULY 2
TRAN_DATE~10/08/2020
CHQ_NO~        
DEBIT~0.00
CREDIT~15,760.00
BALANCE~16,148.90
DC~Cr
</DET>
<DET>
TRAN_PART~SELF,10465                    
TRAN_DATE~12/08/2020
CHQ_NO~        
DEBIT~5,000.00
CREDIT~0.00
BALANCE~11,148.90
DC~Cr
</DET>
<DET>
TRAN_PART~SELF  3910                    
TRAN_DATE~18/08/2020
CHQ_NO~        
DEBIT~5,000.00
CREDIT~0.00
BALANCE~6,148.90
DC~Cr
</DET>
<DET>
TRAN_PART~SELF,1194                     
TRAN_DATE~28/08/2020
CHQ_NO~        
DEBIT~6,000.00
CREDIT~0.00
BALANCE~148.90
DC~Cr
</DET>
<DET>
TRAN_PART~SALARY FOR THE MONTH OF AUG 20
TRAN_DATE~10/09/2020
CHQ_NO~        
DEBIT~0.00
CREDIT~17,166.00
BALANCE~17,314.90
DC~Cr
</DET>
<DET>
TRAN_PART~SELF,3964                     
TRAN_DATE~14/09/2020
CHQ_NO~        
DEBIT~9,000.00
CREDIT~0.00
BALANCE~8,314.90
DC~Cr
</DET>
<DET>
TRAN_PART~SELF,5434                     
TRAN_DATE~19/09/2020
CHQ_NO~        
DEBIT~4,000.00
CREDIT~0.00
BALANCE~4,314.90
DC~Cr
</DET>
<DET>
TRAN_PART~INTEREST FROM DATE 01/07/2020 
TRAN_DATE~30/09/2020
CHQ_NO~        
DEBIT~0.00
CREDIT~88.00
BALANCE~4,402.90
DC~Cr
</DET>
<DET>
TRAN_PART~SELF   5635                   
TRAN_DATE~01/10/2020
CHQ_NO~        
DEBIT~1,000.00
CREDIT~0.00
BALANCE~3,402.90
DC~Cr
</DET>
<DET>
TRAN_PART~SELF   5657                   
TRAN_DATE~07/10/2020
CHQ_NO~        
DEBIT~1,000.00
CREDIT~0.00
BALANCE~2,402.90
DC~Cr
</DET>
<DET>
TRAN_PART~SALARY FOR THE MONTH OF SEP 20
TRAN_DATE~08/10/2020
CHQ_NO~        
DEBIT~0.00
CREDIT~17,379.00
BALANCE~19,781.90
DC~Cr
</DET>
<DET>
TRAN_PART~SELF    5705                  
TRAN_DATE~09/10/2020
CHQ_NO~        
DEBIT~17,000.00
CREDIT~0.00
BALANCE~2,781.90
DC~Cr
</DET>
<DET>
TRAN_PART~SALARY FOR THE MONTH OCT 2020 
TRAN_DATE~07/11/2020
CHQ_NO~        
DEBIT~0.00
CREDIT~31,617.00
BALANCE~34,398.90
DC~Cr
</DET>
<DET>
TRAN_PART~DIVIDENT FOR 2019-2020        
TRAN_DATE~09/11/2020
CHQ_NO~        
DEBIT~0.00
CREDIT~7,829.25
BALANCE~42,228.15
DC~Cr
</DET>
<DET>
TRAN_PART~To self  20462                
TRAN_DATE~10/11/2020
CHQ_NO~        
DEBIT~40,000.00
CREDIT~0.00
BALANCE~2,228.15
DC~Cr
</DET>
<DET>
TRAN_PART~TO SELF,CHQ.NO.17204          
TRAN_DATE~27/11/2020
CHQ_NO~        
DEBIT~2,000.00
CREDIT~0.00
BALANCE~228.15
DC~Cr
</DET>
<DET>
TRAN_PART~Closing Balance
TRAN_DATE~
CHQ_NO~Total
DEBIT~9,60,245.60
CREDIT~9,28,631.50
BALANCE~228.15
DC~Cr
</DET>
</TRAN>
</STMT>
