<APPINFO>
logopath~logo.png



savefilepath~/e-be/central.dkrccs/LOG/STATEMENT/
ISSENDPDF~FALSE
</APPINFO>
<STMT>
<INPUTPARAM>
ACTNO~0001023000012
FDATE~01/05/2018
TDATE~31/05/2018
SUBJECT~D.K.R STATEMENT FROM 01/05/2018 TO 31/05/2018
FNAME~D.K.R_0001023000012
</INPUTPARAM>
<BRPARA>
BR_CODE~1
BANKNAME~                                                            
BRANCH_NAME~MAIN BRANCH                        
ADDRESS1~A/P. RAMPURA                       
ADDRESS2~TAL. MOLAKALMURU                   
ADDRESS3~DIST. CHITRADURGA                  
CITY~RAMPURA                  
PINCODE~577540
IFSCCODE~           
MICR_CODE~111111111
PHONE~                              
</BRPARA>
<ACTYPS>
SCHM_NAME~SAVING DEPOSIT                     
</ACTYPS>
<MASTER>
ACTNO~0001023000012
LONG_NAME~HONNURASWAMY B                          
CATA_CODE~SBGN
EMAILID~honnurvnk123@gmail.com                  
ADDRESS1~VENKATAPURA POST                   
ADDRESS2~MOLAKALMURU TQ                     
ADDRESS3~CHITRADURGA DIST                   
CITY~RAMPURA                  
PINCODE~577540
MOBILE~9591364832
PAN~ANSPH7925A
AADHAR~357782826184
OPENBAL~17.00
DC~C
</MASTER>
<TRAN>
<DET>
TRAN_PART~Transaction Particular
TRAN_DATE~Tran. Date
CHQ_NO~Chq. No
DEBIT~Debit
CREDIT~Credit
BALANCE~Balance
DC~DC
</DET>
<DET>
TRAN_PART~Opening Balance
TRAN_DATE~
CHQ_NO~
DEBIT~
CREDIT~
BALANCE~17.00
DC~Cr
</DET>
<DET>
TRAN_PART~SALARY TO HONNURASWAMY        
TRAN_DATE~08/05/2018
CHQ_NO~        
DEBIT~0.00
CREDIT~4,200.00
BALANCE~4,217.00
DC~Cr
</DET>
<DET>
TRAN_PART~ACCOUNT KEEPING CHARGES       
TRAN_DATE~09/05/2018
CHQ_NO~        
DEBIT~25.00
CREDIT~0.00
BALANCE~4,192.00
DC~Cr
</DET>
<DET>
TRAN_PART~To self                       
TRAN_DATE~09/05/2018
CHQ_NO~        
DEBIT~500.00
CREDIT~0.00
BALANCE~3,692.00
DC~Cr
</DET>
<DET>
TRAN_PART~To self                       
TRAN_DATE~10/05/2018
CHQ_NO~        
DEBIT~2,500.00
CREDIT~0.00
BALANCE~1,192.00
DC~Cr
</DET>
<DET>
TRAN_PART~BY CASH                       
TRAN_DATE~11/05/2018
CHQ_NO~        
DEBIT~0.00
CREDIT~200.00
BALANCE~1,392.00
DC~Cr
</DET>
<DET>
TRAN_PART~BY CASH                       
TRAN_DATE~11/05/2018
CHQ_NO~        
DEBIT~0.00
CREDIT~200.00
BALANCE~1,592.00
DC~Cr
</DET>
<DET>
TRAN_PART~BY CASH                       
TRAN_DATE~16/05/2018
CHQ_NO~        
DEBIT~0.00
CREDIT~1,000.00
BALANCE~2,592.00
DC~Cr
</DET>
<DET>
TRAN_PART~BY CASH                       
TRAN_DATE~16/05/2018
CHQ_NO~        
DEBIT~0.00
CREDIT~200.00
BALANCE~2,792.00
DC~Cr
</DET>
<DET>
TRAN_PART~BY CASH                       
TRAN_DATE~16/05/2018
CHQ_NO~        
DEBIT~0.00
CREDIT~200.00
BALANCE~2,992.00
DC~Cr
</DET>
<DET>
TRAN_PART~To self                       
TRAN_DATE~19/05/2018
CHQ_NO~        
DEBIT~1,000.00
CREDIT~0.00
BALANCE~1,992.00
DC~Cr
</DET>
<DET>
TRAN_PART~BY CASH                       
TRAN_DATE~21/05/2018
CHQ_NO~        
DEBIT~0.00
CREDIT~1,550.00
BALANCE~3,542.00
DC~Cr
</DET>
<DET>
TRAN_PART~BY CASH                       
TRAN_DATE~21/05/2018
CHQ_NO~        
DEBIT~0.00
CREDIT~1,550.00
BALANCE~5,092.00
DC~Cr
</DET>
<DET>
TRAN_PART~BY CASH                       
TRAN_DATE~24/05/2018
CHQ_NO~        
DEBIT~0.00
CREDIT~1,000.00
BALANCE~6,092.00
DC~Cr
</DET>
<DET>
TRAN_PART~To self                       
TRAN_DATE~28/05/2018
CHQ_NO~        
DEBIT~3,000.00
CREDIT~0.00
BALANCE~3,092.00
DC~Cr
</DET>
<DET>
TRAN_PART~To self                       
TRAN_DATE~29/05/2018
CHQ_NO~        
DEBIT~1,000.00
CREDIT~0.00
BALANCE~2,092.00
DC~Cr
</DET>
<DET>
TRAN_PART~To self                       
TRAN_DATE~29/05/2018
CHQ_NO~        
DEBIT~1,500.00
CREDIT~0.00
BALANCE~592.00
DC~Cr
</DET>
<DET>
TRAN_PART~Closing Balance
TRAN_DATE~
CHQ_NO~Total
DEBIT~9,525.00
CREDIT~10,100.00
BALANCE~592.00
DC~Cr
</DET>
</TRAN>
</STMT>
